0 info it worked if it ends with ok
1 verbose cli [ '/usr/local/Cellar/node/5.6.0/bin/node',
1 verbose cli   '/usr/local/bin/npm',
1 verbose cli   'run',
1 verbose cli   'deploy' ]
2 info using npm@3.6.0
3 info using node@v5.6.0
4 verbose run-script [ 'predeploy', 'deploy', 'postdeploy' ]
5 info lifecycle tiy-project@1.0.0~predeploy: tiy-project@1.0.0
6 silly lifecycle tiy-project@1.0.0~predeploy: no script for predeploy, continuing
7 info lifecycle tiy-project@1.0.0~deploy: tiy-project@1.0.0
8 verbose lifecycle tiy-project@1.0.0~deploy: unsafe-perm in lifecycle true
9 verbose lifecycle tiy-project@1.0.0~deploy: PATH: /usr/local/lib/node_modules/npm/bin/node-gyp-bin:/Users/mallerie/startrek/Teachers-Care/node_modules/.bin:/usr/local/bin:/usr/local/sbin:/Users/mallerie/bin:/usr/bin:/bin:/usr/sbin:/sbin
10 verbose lifecycle tiy-project@1.0.0~deploy: CWD: /Users/mallerie/startrek/Teachers-Care
11 silly lifecycle tiy-project@1.0.0~deploy: Args: [ '-c',
11 silly lifecycle   'surge -p "$(npm prefix)/dist" -d "teachers-care.surge.sh"' ]
12 silly lifecycle tiy-project@1.0.0~deploy: Returned: code: 1  signal: null
13 info lifecycle tiy-project@1.0.0~deploy: Failed to exec deploy script
14 verbose stack Error: tiy-project@1.0.0 deploy: `surge -p "$(npm prefix)/dist" -d "teachers-care.surge.sh"`
14 verbose stack Exit status 1
14 verbose stack     at EventEmitter.<anonymous> (/usr/local/lib/node_modules/npm/lib/utils/lifecycle.js:232:16)
14 verbose stack     at emitTwo (events.js:100:13)
14 verbose stack     at EventEmitter.emit (events.js:185:7)
14 verbose stack     at ChildProcess.<anonymous> (/usr/local/lib/node_modules/npm/lib/utils/spawn.js:24:14)
14 verbose stack     at emitTwo (events.js:100:13)
14 verbose stack     at ChildProcess.emit (events.js:185:7)
14 verbose stack     at maybeClose (internal/child_process.js:827:16)
14 verbose stack     at Process.ChildProcess._handle.onexit (internal/child_process.js:211:5)
15 verbose pkgid tiy-project@1.0.0
16 verbose cwd /Users/mallerie/startrek/Teachers-Care
17 error Darwin 15.0.0
18 error argv "/usr/local/Cellar/node/5.6.0/bin/node" "/usr/local/bin/npm" "run" "deploy"
19 error node v5.6.0
20 error npm  v3.6.0
21 error code ELIFECYCLE
22 error tiy-project@1.0.0 deploy: `surge -p "$(npm prefix)/dist" -d "teachers-care.surge.sh"`
22 error Exit status 1
23 error Failed at the tiy-project@1.0.0 deploy script 'surge -p "$(npm prefix)/dist" -d "teachers-care.surge.sh"'.
23 error Make sure you have the latest version of node.js and npm installed.
23 error If you do, this is most likely a problem with the tiy-project package,
23 error not with npm itself.
23 error Tell the author that this fails on your system:
23 error     surge -p "$(npm prefix)/dist" -d "teachers-care.surge.sh"
23 error You can get information on how to open an issue for this project with:
23 error     npm bugs tiy-project
23 error Or if that isn't available, you can get their info via:
23 error     npm owner ls tiy-project
23 error There is likely additional logging output above.
24 verbose exit [ 1, true ]
